<?xml version="1.0" encoding="UTF-8"?>
<robot generator="Robot 7.0.1 (Python 3.10.9 on win32)" generated="2024-07-31T11:29:26.346500" rpa="false" schemaversion="5">
<suite id="s1" name="bookSuite" source="D:\QA\robocorp\mobile-test\suites\bookSuite.robot">
<test id="s1-t1" name="User Should be Able to Booking Flight" line="24">
<kw name="Run Keywords" owner="BuiltIn" type="SETUP">
<kw name="Open Flight Application" owner="base">
<kw name="Open Application" owner="AppiumLibrary">
<arg>remote_url=${REMOTE_URL}</arg>
<arg>platformName=${PLATFORM_NAME}</arg>
<arg>platformVersion=${PLATFORM_VERSION}</arg>
<arg>deviceName=${DEVICE_NAME}</arg>
<arg>appPackage=${APP_PACKAGE}</arg>
<arg>appActivity=${APP_ACTIVITY}</arg>
<doc>Opens a new application to given Appium server.
Capabilities of appium server, Android and iOS,
Please check https://appium.io/docs/en/2.1/cli/args/
| *Option*            | *Man.* | *Description*     |
| remote_url          | Yes    | Appium server url |
| alias               | no     | alias             |
| strict_ssl          | No     | allows you to send commands to an invalid certificate host like a self-signed one. |</doc>
<status status="PASS" start="2024-07-31T11:29:26.848253" elapsed="11.303515"/>
</kw>
<status status="PASS" start="2024-07-31T11:29:26.848253" elapsed="11.304514"/>
</kw>
<kw name="Login With Valid credentials" owner="loginPage">
<kw name="Verify Home Page Appears" owner="homePage">
<kw name="Wait Until Element Is Visible" owner="AppiumLibrary">
<msg time="2024-07-31T11:29:39.499766" level="INFO">xpath criteria: //android.widget.ImageView[@resource-id="com.example.myapplication:id/imageView4"]</msg>
<arg>${logo_homePage}</arg>
<doc>Waits until element specified with `locator` is visible.</doc>
<status status="PASS" start="2024-07-31T11:29:38.155752" elapsed="1.344014"/>
</kw>
<status status="PASS" start="2024-07-31T11:29:38.154759" elapsed="1.345007"/>
</kw>
<kw name="Click Sign In Button on Home Page" owner="homePage">
<kw name="Wait Until Element Is Visible" owner="AppiumLibrary">
<msg time="2024-07-31T11:29:39.635932" level="INFO">xpath criteria: //android.widget.Button[@resource-id="com.example.myapplication:id/login"]</msg>
<arg>${signIn_button_homepage}</arg>
<doc>Waits until element specified with `locator` is visible.</doc>
<status status="PASS" start="2024-07-31T11:29:39.499766" elapsed="0.136166"/>
</kw>
<kw name="Click Element" owner="AppiumLibrary">
<msg time="2024-07-31T11:29:39.641915" level="INFO">Clicking element '//android.widget.Button[@resource-id="com.example.myapplication:id/login"]'.</msg>
<msg time="2024-07-31T11:29:39.831925" level="INFO">xpath criteria: //android.widget.Button[@resource-id="com.example.myapplication:id/login"]</msg>
<arg>${signIn_button_homepage}</arg>
<doc>Click element identified by `locator`.</doc>
<status status="PASS" start="2024-07-31T11:29:39.636936" elapsed="0.194989"/>
</kw>
<status status="PASS" start="2024-07-31T11:29:39.499766" elapsed="0.333156"/>
</kw>
<kw name="Verify Login Appears" owner="loginPage">
<kw name="Wait Until Element Is Visible" owner="AppiumLibrary">
<msg time="2024-07-31T11:29:40.961216" level="INFO">xpath criteria: //android.widget.EditText[@resource-id="com.example.myapplication:id/username"]
xpath criteria: //android.widget.EditText[@resource-id="com.example.myapplication:id/username"]</msg>
<arg>${email_input_loginPage}</arg>
<doc>Waits until element specified with `locator` is visible.</doc>
<status status="PASS" start="2024-07-31T11:29:39.833924" elapsed="1.127292"/>
</kw>
<kw name="Wait Until Element Is Visible" owner="AppiumLibrary">
<msg time="2024-07-31T11:29:41.083952" level="INFO">xpath criteria: //android.widget.EditText[@resource-id="com.example.myapplication:id/password"]</msg>
<arg>${password_input_loginPage}</arg>
<doc>Waits until element specified with `locator` is visible.</doc>
<status status="PASS" start="2024-07-31T11:29:40.961216" elapsed="0.122736"/>
</kw>
<kw name="Wait Until Element Is Visible" owner="AppiumLibrary">
<msg time="2024-07-31T11:29:41.202032" level="INFO">xpath criteria: //android.widget.Button[@resource-id="com.example.myapplication:id/signIn"]</msg>
<arg>${signIn_Button_loginPage}</arg>
<doc>Waits until element specified with `locator` is visible.</doc>
<status status="PASS" start="2024-07-31T11:29:41.084950" elapsed="0.117082"/>
</kw>
<status status="PASS" start="2024-07-31T11:29:39.832922" elapsed="1.369110"/>
</kw>
<kw name="Input User Email On Login Page" owner="loginPage">
<kw name="Input Text" owner="AppiumLibrary">
<msg time="2024-07-31T11:29:41.205024" level="INFO">Typing text 'support@ngendigital.com' into text field '//android.widget.EditText[@resource-id="com.example.myapplication:id/username"]'</msg>
<msg time="2024-07-31T11:29:41.328733" level="INFO">xpath criteria: //android.widget.EditText[@resource-id="com.example.myapplication:id/username"]</msg>
<arg>${email_input_loginPage}</arg>
<arg>${email}</arg>
<doc>Types the given `text` into text field identified by `locator`.</doc>
<status status="PASS" start="2024-07-31T11:29:41.202032" elapsed="0.126701"/>
</kw>
<arg>${email}</arg>
<status status="PASS" start="2024-07-31T11:29:41.202032" elapsed="0.127704"/>
</kw>
<kw name="Input User Password On Login Page" owner="loginPage">
<kw name="Input Text" owner="AppiumLibrary">
<msg time="2024-07-31T11:29:41.333720" level="INFO">Typing text 'abc123' into text field '//android.widget.EditText[@resource-id="com.example.myapplication:id/password"]'</msg>
<msg time="2024-07-31T11:29:41.940920" level="INFO">xpath criteria: //android.widget.EditText[@resource-id="com.example.myapplication:id/password"]</msg>
<arg>${password_input_loginPage}</arg>
<arg>${password}</arg>
<doc>Types the given `text` into text field identified by `locator`.</doc>
<status status="PASS" start="2024-07-31T11:29:41.330728" elapsed="0.610192"/>
</kw>
<arg>${password}</arg>
<status status="PASS" start="2024-07-31T11:29:41.329736" elapsed="0.612181"/>
</kw>
<kw name="Click Sign In Button on Login Page" owner="loginPage">
<kw name="Click Element" owner="AppiumLibrary">
<msg time="2024-07-31T11:29:41.950962" level="INFO">Clicking element '//android.widget.Button[@resource-id="com.example.myapplication:id/signIn"]'.</msg>
<msg time="2024-07-31T11:29:42.547984" level="INFO">xpath criteria: //android.widget.Button[@resource-id="com.example.myapplication:id/signIn"]</msg>
<arg>${signIn_Button_loginPage}</arg>
<doc>Click element identified by `locator`.</doc>
<status status="PASS" start="2024-07-31T11:29:41.942914" elapsed="0.605070"/>
</kw>
<status status="PASS" start="2024-07-31T11:29:41.941917" elapsed="0.607068"/>
</kw>
<status status="PASS" start="2024-07-31T11:29:38.152767" elapsed="4.396218"/>
</kw>
<arg>Open Flight Application</arg>
<arg>AND</arg>
<arg>Login With Valid credentials</arg>
<doc>Executes all the given keywords in a sequence.</doc>
<status status="PASS" start="2024-07-31T11:29:26.848253" elapsed="15.700732"/>
</kw>
<kw name="Verify User Is Logged In" owner="homePage">
<kw name="Wait Until Element Is Visible" owner="AppiumLibrary">
<msg time="2024-07-31T11:29:43.516462" level="INFO">xpath criteria: //android.widget.TextView[@resource-id="com.example.myapplication:id/textView"]
xpath criteria: //android.widget.TextView[@resource-id="com.example.myapplication:id/textView"]</msg>
<arg>${userName_text_homepage}</arg>
<doc>Waits until element specified with `locator` is visible.</doc>
<status status="PASS" start="2024-07-31T11:29:42.550976" elapsed="0.965486"/>
</kw>
<status status="PASS" start="2024-07-31T11:29:42.549978" elapsed="0.966484"/>
</kw>
<kw name="Click Book Button on Home Page" owner="homePage">
<kw name="Wait Until Element Is Visible" owner="AppiumLibrary">
<msg time="2024-07-31T11:29:43.641632" level="INFO">xpath criteria: //android.widget.Button[@resource-id="com.example.myapplication:id/book"]</msg>
<arg>${book_button_homepage}</arg>
<doc>Waits until element specified with `locator` is visible.</doc>
<status status="PASS" start="2024-07-31T11:29:43.517461" elapsed="0.125169"/>
</kw>
<kw name="Click Element" owner="AppiumLibrary">
<msg time="2024-07-31T11:29:43.645621" level="INFO">Clicking element '//android.widget.Button[@resource-id="com.example.myapplication:id/book"]'.</msg>
<msg time="2024-07-31T11:29:43.762872" level="INFO">xpath criteria: //android.widget.Button[@resource-id="com.example.myapplication:id/book"]</msg>
<arg>${book_button_homepage}</arg>
<doc>Click element identified by `locator`.</doc>
<status status="PASS" start="2024-07-31T11:29:43.642630" elapsed="0.120242"/>
</kw>
<status status="PASS" start="2024-07-31T11:29:43.517461" elapsed="0.245411"/>
</kw>
<kw name="Verify Book Page is Appears" owner="bookPage">
<kw name="Wait Until Element Is Visible" owner="AppiumLibrary">
<msg time="2024-07-31T11:29:45.116130" level="INFO">xpath criteria: //android.support.v7.app.ActionBar.Tab[@content-desc="One Way"]
xpath criteria: //android.support.v7.app.ActionBar.Tab[@content-desc="One Way"]</msg>
<arg>${oneway_type_bookpage}</arg>
<doc>Waits until element specified with `locator` is visible.</doc>
<status status="PASS" start="2024-07-31T11:29:43.764877" elapsed="1.351253"/>
</kw>
<kw name="Wait Until Element Is Visible" owner="AppiumLibrary">
<msg time="2024-07-31T11:29:45.251119" level="INFO">xpath criteria: //android.support.v7.app.ActionBar.Tab[@content-desc="Round Trip"]</msg>
<arg>${roundtrip_type_bookpage}</arg>
<doc>Waits until element specified with `locator` is visible.</doc>
<status status="PASS" start="2024-07-31T11:29:45.116130" elapsed="0.134989"/>
</kw>
<kw name="Wait Until Element Is Visible" owner="AppiumLibrary">
<msg time="2024-07-31T11:29:45.393284" level="INFO">xpath criteria: //android.widget.Spinner[@resource-id="com.example.myapplication:id/spinnerTo"]</msg>
<arg>${destination_city_bookpage}</arg>
<doc>Waits until element specified with `locator` is visible.</doc>
<status status="PASS" start="2024-07-31T11:29:45.252111" elapsed="0.141173"/>
</kw>
<kw name="Wait Until Element Is Visible" owner="AppiumLibrary">
<msg time="2024-07-31T11:29:45.551962" level="INFO">xpath criteria: //android.widget.Spinner[@resource-id="com.example.myapplication:id/spinnerClass"]</msg>
<arg>${class_bookpage}</arg>
<doc>Waits until element specified with `locator` is visible.</doc>
<status status="PASS" start="2024-07-31T11:29:45.393284" elapsed="0.158678"/>
</kw>
<kw name="Wait Until Element Is Visible" owner="AppiumLibrary">
<msg time="2024-07-31T11:29:45.773982" level="INFO">xpath criteria: //android.widget.TextView[@resource-id="com.example.myapplication:id/textStartDate"]</msg>
<arg>${start_date_bookpage}</arg>
<doc>Waits until element specified with `locator` is visible.</doc>
<status status="PASS" start="2024-07-31T11:29:45.552960" elapsed="0.221022"/>
</kw>
<kw name="Wait Until Element Is Visible" owner="AppiumLibrary">
<msg time="2024-07-31T11:29:45.919178" level="INFO">xpath criteria: //android.widget.TextView[@resource-id="com.example.myapplication:id/textEndDate"]</msg>
<arg>${end_date_bookpage}</arg>
<doc>Waits until element specified with `locator` is visible.</doc>
<status status="PASS" start="2024-07-31T11:29:45.774981" elapsed="0.144197"/>
</kw>
<kw name="Wait Until Element Is Visible" owner="AppiumLibrary">
<msg time="2024-07-31T11:29:46.041934" level="INFO">xpath criteria: //android.widget.RadioButton[@resource-id="com.example.myapplication:id/radioButtonFlight"]</msg>
<arg>${flight_type_bookpage}</arg>
<doc>Waits until element specified with `locator` is visible.</doc>
<status status="PASS" start="2024-07-31T11:29:45.919178" elapsed="0.122756"/>
</kw>
<kw name="Wait Until Element Is Visible" owner="AppiumLibrary">
<msg time="2024-07-31T11:29:46.207108" level="INFO">xpath criteria: //android.widget.RadioButton[@resource-id="com.example.myapplication:id/radioButtonFlightHotel"]</msg>
<arg>${flight_hotel_type_bookpage}</arg>
<doc>Waits until element specified with `locator` is visible.</doc>
<status status="PASS" start="2024-07-31T11:29:46.042933" elapsed="0.164175"/>
</kw>
<kw name="Wait Until Element Is Visible" owner="AppiumLibrary">
<msg time="2024-07-31T11:29:46.359828" level="INFO">xpath criteria: //android.widget.CheckBox[@resource-id="com.example.myapplication:id/checkBoxDay"]</msg>
<arg>${checkbox_day_bookpage}</arg>
<doc>Waits until element specified with `locator` is visible.</doc>
<status status="PASS" start="2024-07-31T11:29:46.208098" elapsed="0.152727"/>
</kw>
<kw name="Wait Until Element Is Visible" owner="AppiumLibrary">
<msg time="2024-07-31T11:29:46.524938" level="INFO">xpath criteria: //android.widget.Button[@resource-id="com.example.myapplication:id/book_flight"]</msg>
<arg>${book_button_bookpage}</arg>
<doc>Waits until element specified with `locator` is visible.</doc>
<status status="PASS" start="2024-07-31T11:29:46.360825" elapsed="0.164113"/>
</kw>
<status status="PASS" start="2024-07-31T11:29:43.763871" elapsed="2.761067"/>
</kw>
<kw name="Click One Way on Book Page" owner="bookPage">
<kw name="Wait Until Element Is Visible" owner="AppiumLibrary">
<msg time="2024-07-31T11:29:46.674117" level="INFO">xpath criteria: //android.support.v7.app.ActionBar.Tab[@content-desc="One Way"]</msg>
<arg>${oneway_type_bookpage}</arg>
<doc>Waits until element specified with `locator` is visible.</doc>
<status status="PASS" start="2024-07-31T11:29:46.527444" elapsed="0.147669"/>
</kw>
<kw name="Click Element" owner="AppiumLibrary">
<msg time="2024-07-31T11:29:46.684608" level="INFO">Clicking element '//android.support.v7.app.ActionBar.Tab[@content-desc="One Way"]'.</msg>
<msg time="2024-07-31T11:29:46.835828" level="INFO">xpath criteria: //android.support.v7.app.ActionBar.Tab[@content-desc="One Way"]</msg>
<arg>${oneway_type_bookpage}</arg>
<doc>Click element identified by `locator`.</doc>
<status status="PASS" start="2024-07-31T11:29:46.675113" elapsed="0.160715"/>
</kw>
<status status="PASS" start="2024-07-31T11:29:46.526451" elapsed="0.310376"/>
</kw>
<kw name="Click Flight Button to Choose Type of Service" owner="bookPage">
<kw name="Wait Until Element Is Visible" owner="AppiumLibrary">
<msg time="2024-07-31T11:29:47.334205" level="INFO">xpath criteria: //android.widget.RadioButton[@resource-id="com.example.myapplication:id/radioButtonFlight"]</msg>
<arg>${flight_type_bookpage}</arg>
<doc>Waits until element specified with `locator` is visible.</doc>
<status status="PASS" start="2024-07-31T11:29:46.838823" elapsed="0.495382"/>
</kw>
<kw name="Click Element" owner="AppiumLibrary">
<msg time="2024-07-31T11:29:47.338195" level="INFO">Clicking element '//android.widget.RadioButton[@resource-id="com.example.myapplication:id/radioButtonFlight"]'.</msg>
<msg time="2024-07-31T11:29:47.451920" level="INFO">xpath criteria: //android.widget.RadioButton[@resource-id="com.example.myapplication:id/radioButtonFlight"]</msg>
<arg>${flight_type_bookpage}</arg>
<doc>Click element identified by `locator`.</doc>
<status status="PASS" start="2024-07-31T11:29:47.334205" elapsed="0.118716"/>
</kw>
<status status="PASS" start="2024-07-31T11:29:46.837825" elapsed="0.615096"/>
</kw>
<kw name="Click Checkbox Day on Book Page" owner="bookPage">
<kw name="Wait Until Element Is Visible" owner="AppiumLibrary">
<msg time="2024-07-31T11:29:47.971323" level="INFO">xpath criteria: //android.widget.CheckBox[@resource-id="com.example.myapplication:id/checkBoxDay"]</msg>
<arg>${checkbox_day_bookpage}</arg>
<doc>Waits until element specified with `locator` is visible.</doc>
<status status="PASS" start="2024-07-31T11:29:47.454915" elapsed="0.516408"/>
</kw>
<kw name="Click Element" owner="AppiumLibrary">
<msg time="2024-07-31T11:29:47.979300" level="INFO">Clicking element '//android.widget.CheckBox[@resource-id="com.example.myapplication:id/checkBoxDay"]'.</msg>
<msg time="2024-07-31T11:29:48.120884" level="INFO">xpath criteria: //android.widget.CheckBox[@resource-id="com.example.myapplication:id/checkBoxDay"]</msg>
<arg>${checkbox_day_bookpage}</arg>
<doc>Click element identified by `locator`.</doc>
<status status="PASS" start="2024-07-31T11:29:47.972324" elapsed="0.148560"/>
</kw>
<status status="PASS" start="2024-07-31T11:29:47.453914" elapsed="0.667967"/>
</kw>
<kw name="Click Book Button on Book Page" owner="bookPage">
<kw name="Wait Until Element Is Visible" owner="AppiumLibrary">
<msg time="2024-07-31T11:29:48.652731" level="INFO">xpath criteria: //android.widget.Button[@resource-id="com.example.myapplication:id/book_flight"]</msg>
<arg>${book_button_bookpage}</arg>
<doc>Waits until element specified with `locator` is visible.</doc>
<status status="PASS" start="2024-07-31T11:29:48.122884" elapsed="0.529847"/>
</kw>
<kw name="Click Element" owner="AppiumLibrary">
<msg time="2024-07-31T11:29:48.660713" level="INFO">Clicking element '//android.widget.Button[@resource-id="com.example.myapplication:id/book_flight"]'.</msg>
<msg time="2024-07-31T11:29:48.813069" level="INFO">xpath criteria: //android.widget.Button[@resource-id="com.example.myapplication:id/book_flight"]</msg>
<arg>${book_button_bookpage}</arg>
<doc>Click element identified by `locator`.</doc>
<status status="PASS" start="2024-07-31T11:29:48.653727" elapsed="0.159342"/>
</kw>
<status status="PASS" start="2024-07-31T11:29:48.122884" elapsed="0.690185"/>
</kw>
<kw name="Verify Price Page is Appears" owner="pricePage">
<kw name="Wait Until Element Is Visible" owner="AppiumLibrary">
<msg time="2024-07-31T11:29:49.744245" level="INFO">xpath criteria: //android.widget.TextView[@resource-id="com.example.myapplication:id/textView6"]
xpath criteria: //android.widget.TextView[@resource-id="com.example.myapplication:id/textView6"]</msg>
<arg>${title_pricepage}</arg>
<doc>Waits until element specified with `locator` is visible.</doc>
<status status="PASS" start="2024-07-31T11:29:48.815063" elapsed="0.930178"/>
</kw>
<kw name="Wait Until Element Is Visible" owner="AppiumLibrary">
<msg time="2024-07-31T11:29:49.836510" level="INFO">xpath criteria: //android.widget.Button[@resource-id="com.example.myapplication:id/price1"]</msg>
<arg>${price_example_pricepage}</arg>
<doc>Waits until element specified with `locator` is visible.</doc>
<status status="PASS" start="2024-07-31T11:29:49.745241" elapsed="0.091269"/>
</kw>
<kw name="Wait Until Element Is Visible" owner="AppiumLibrary">
<msg time="2024-07-31T11:29:49.915336" level="INFO">xpath criteria: //android.widget.Button[@resource-id="com.example.myapplication:id/confirm_order"]</msg>
<arg>${confirm_button_pricepage}</arg>
<doc>Waits until element specified with `locator` is visible.</doc>
<status status="PASS" start="2024-07-31T11:29:49.836510" elapsed="0.078826"/>
</kw>
<status status="PASS" start="2024-07-31T11:29:48.814065" elapsed="1.102272"/>
</kw>
<kw name="Click Price on Price Page" owner="pricePage">
<kw name="Wait Until Element Is Visible" owner="AppiumLibrary">
<msg time="2024-07-31T11:29:50.018549" level="INFO">xpath criteria: //android.widget.Button[@resource-id="com.example.myapplication:id/price1"]</msg>
<arg>${price_example_pricepage}</arg>
<doc>Waits until element specified with `locator` is visible.</doc>
<status status="PASS" start="2024-07-31T11:29:49.917330" elapsed="0.101219"/>
</kw>
<kw name="Click Element" owner="AppiumLibrary">
<msg time="2024-07-31T11:29:50.021539" level="INFO">Clicking element '//android.widget.Button[@resource-id="com.example.myapplication:id/price1"]'.</msg>
<msg time="2024-07-31T11:29:50.113305" level="INFO">xpath criteria: //android.widget.Button[@resource-id="com.example.myapplication:id/price1"]</msg>
<arg>${price_example_pricepage}</arg>
<doc>Click element identified by `locator`.</doc>
<status status="PASS" start="2024-07-31T11:29:50.018549" elapsed="0.094756"/>
</kw>
<status status="PASS" start="2024-07-31T11:29:49.917330" elapsed="0.195975"/>
</kw>
<kw name="Click Confirm Button on Price Page" owner="pricePage">
<kw name="Wait Until Element Is Visible" owner="AppiumLibrary">
<msg time="2024-07-31T11:29:50.759823" level="INFO">xpath criteria: //android.widget.Button[@resource-id="com.example.myapplication:id/confirm_order"]</msg>
<arg>${confirm_button_pricepage}</arg>
<doc>Waits until element specified with `locator` is visible.</doc>
<status status="PASS" start="2024-07-31T11:29:50.115299" elapsed="0.645523"/>
</kw>
<kw name="Click Element" owner="AppiumLibrary">
<msg time="2024-07-31T11:29:50.763813" level="INFO">Clicking element '//android.widget.Button[@resource-id="com.example.myapplication:id/confirm_order"]'.</msg>
<msg time="2024-07-31T11:29:50.916723" level="INFO">xpath criteria: //android.widget.Button[@resource-id="com.example.myapplication:id/confirm_order"]</msg>
<arg>${confirm_button_pricepage}</arg>
<doc>Click element identified by `locator`.</doc>
<status status="PASS" start="2024-07-31T11:29:50.760822" elapsed="0.155901"/>
</kw>
<status status="PASS" start="2024-07-31T11:29:50.114303" elapsed="0.803417"/>
</kw>
<kw name="Verify Booking is Success" owner="pricePage">
<kw name="Wait Until Element Is Visible" owner="AppiumLibrary">
<msg time="2024-07-31T11:29:51.908965" level="INFO">xpath criteria: //android.widget.CheckedTextView[@resource-id="com.example.myapplication:id/checkedTextView"]
xpath criteria: //android.widget.CheckedTextView[@resource-id="com.example.myapplication:id/checkedTextView"]</msg>
<arg>${success_booking_pricepage}</arg>
<doc>Waits until element specified with `locator` is visible.</doc>
<status status="PASS" start="2024-07-31T11:29:50.918717" elapsed="0.990248"/>
</kw>
<kw name="Capture Page Screenshot" owner="AppiumLibrary">
<msg time="2024-07-31T11:29:53.037232" level="INFO" html="true">&lt;/td&gt;&lt;/tr&gt;&lt;tr&gt;&lt;td colspan="3"&gt;&lt;a href="booking_success.png"&gt;&lt;img src="booking_success.png" width="800px"&gt;&lt;/a&gt;</msg>
<arg>booking_success.png</arg>
<doc>Takes a screenshot of the current page and embeds it into the log.</doc>
<status status="PASS" start="2024-07-31T11:29:51.908965" elapsed="1.128267"/>
</kw>
<status status="PASS" start="2024-07-31T11:29:50.917720" elapsed="2.119512"/>
</kw>
<kw name="Close Application" owner="AppiumLibrary" type="TEARDOWN">
<doc>Closes the current application and also close webdriver session.</doc>
<status status="PASS" start="2024-07-31T11:29:53.051194" elapsed="1.307707"/>
</kw>
<status status="PASS" start="2024-07-31T11:29:26.846588" elapsed="27.514307"/>
</test>
<status status="PASS" start="2024-07-31T11:29:26.348494" elapsed="28.014396"/>
</suite>
<statistics>
<total>
<stat pass="1" fail="0" skip="0">All Tests</stat>
</total>
<tag>
</tag>
<suite>
<stat pass="1" fail="0" skip="0" id="s1" name="bookSuite">bookSuite</stat>
</suite>
</statistics>
<errors>
</errors>
</robot>
